<?xml version="1.0" encoding="UTF-8"?>
<!-- Generated by org.testng.reporters.JUnitXMLReporter -->
<testsuite ignored="0" hostname="Abishas-MacBook-Air.local" failures="0" tests="2" name="Linux-firefox" time="7.68" errors="0" timestamp="27 Jun 2025 18:57:03 GMT">
  <testcase classname="testCases.TC_001_AccountRegistrationPage" name="verify_account_registration" time="1.274"/>
  <testcase classname="testCases.TC_002_LoginTest" name="verify_login" time="0.798"/>
</testsuite> <!-- Linux-firefox -->
