<?xml version="1.0" encoding="UTF-8"?>
<!-- Generated by org.testng.reporters.JUnitXMLReporter -->
<testsuite ignored="0" hostname="Abishas-MacBook-Air.local" failures="1" tests="2" name="Test" time="4.395" errors="0" timestamp="26 Jun 2025 03:25:18 GMT">
  <testcase classname="testCases.TC_001_AccountRegistrationPage" name="verify_account_registration" time="0.658">
    <failure type="java.lang.AssertionError" message="Exception occurred: Account registration failed. expected [Your Account Has Been Created] but found [Your Account Has Been Created!]">
      <![CDATA[java.lang.AssertionError: Exception occurred: Account registration failed. expected [Your Account Has Been Created] but found [Your Account Has Been Created!]
	at testCases.TC_001_AccountRegistrationPage.verify_account_registration(TC_001_AccountRegistrationPage.java:62)
... Removed 24 stack frames]]>
    </failure>
  </testcase> <!-- verify_account_registration -->
  <testcase classname="testCases.TC_002_LoginTest" name="verify_login" time="0.422"/>
</testsuite> <!-- Test -->
