<?xml version="1.0" encoding="UTF-8"?>
<testng-results ignored="0" total="2" passed="2" failed="0" skipped="0">
  <reporter-output>
  </reporter-output>
  <suite started-at="2025-06-27T18:56:55Z" name="Master Suite" finished-at="2025-06-27T18:57:03Z" duration-ms="7680">
    <groups>
      <group name="Master">
        <method signature="TC_001_AccountRegistrationPage.verify_account_registration()[pri:0, instance:testCases.TC_001_AccountRegistrationPage@5bfa9431]" name="verify_account_registration" class="testCases.TC_001_AccountRegistrationPage"/>
        <method signature="TC_002_LoginTest.verify_login()[pri:0, instance:testCases.TC_002_LoginTest@5db250b4]" name="verify_login" class="testCases.TC_002_LoginTest"/>
      </group> <!-- Master -->
      <group name="Sanity">
        <method signature="TC_002_LoginTest.verify_login()[pri:0, instance:testCases.TC_002_LoginTest@5db250b4]" name="verify_login" class="testCases.TC_002_LoginTest"/>
      </group> <!-- Sanity -->
      <group name="Regression">
        <method signature="TC_001_AccountRegistrationPage.verify_account_registration()[pri:0, instance:testCases.TC_001_AccountRegistrationPage@5bfa9431]" name="verify_account_registration" class="testCases.TC_001_AccountRegistrationPage"/>
      </group> <!-- Regression -->
    </groups>
    <test started-at="2025-06-27T18:56:55Z" name="Linux-firefox" finished-at="2025-06-27T18:57:03Z" duration-ms="7680">
      <class name="testCases.TC_002_LoginTest">
        <test-method is-config="true" signature="setUp(java.lang.String, java.lang.String)[pri:0, instance:testCases.TC_002_LoginTest@5db250b4]" started-at="2025-06-28T00:27:00Z" name="setUp" finished-at="2025-06-28T00:27:02Z" duration-ms="1865" status="PASS">
          <params>
            <param index="0">
              <value>
                <![CDATA[Linux]]>
              </value>
            </param>
            <param index="1">
              <value>
                <![CDATA[firefox]]>
              </value>
            </param>
          </params>
          <reporter-output>
          </reporter-output>
        </test-method> <!-- setUp -->
        <test-method signature="verify_login()[pri:0, instance:testCases.TC_002_LoginTest@5db250b4]" started-at="2025-06-28T00:27:02Z" name="verify_login" finished-at="2025-06-28T00:27:02Z" duration-ms="798" status="PASS">
          <reporter-output>
          </reporter-output>
        </test-method> <!-- verify_login -->
        <test-method is-config="true" signature="tearDown()[pri:0, instance:testCases.TC_002_LoginTest@5db250b4]" started-at="2025-06-28T00:27:02Z" name="tearDown" finished-at="2025-06-28T00:27:03Z" duration-ms="422" status="PASS">
          <reporter-output>
          </reporter-output>
        </test-method> <!-- tearDown -->
      </class> <!-- testCases.TC_002_LoginTest -->
      <class name="testCases.TC_001_AccountRegistrationPage">
        <test-method is-config="true" signature="setUp(java.lang.String, java.lang.String)[pri:0, instance:testCases.TC_001_AccountRegistrationPage@5bfa9431]" started-at="2025-06-28T00:26:55Z" name="setUp" finished-at="2025-06-28T00:26:58Z" duration-ms="2826" status="PASS">
          <params>
            <param index="0">
              <value>
                <![CDATA[Linux]]>
              </value>
            </param>
            <param index="1">
              <value>
                <![CDATA[firefox]]>
              </value>
            </param>
          </params>
          <reporter-output>
          </reporter-output>
        </test-method> <!-- setUp -->
        <test-method signature="verify_account_registration()[pri:0, instance:testCases.TC_001_AccountRegistrationPage@5bfa9431]" started-at="2025-06-28T00:26:58Z" name="verify_account_registration" finished-at="2025-06-28T00:26:59Z" duration-ms="1274" status="PASS">
          <reporter-output>
          </reporter-output>
        </test-method> <!-- verify_account_registration -->
        <test-method is-config="true" signature="tearDown()[pri:0, instance:testCases.TC_001_AccountRegistrationPage@5bfa9431]" started-at="2025-06-28T00:26:59Z" name="tearDown" finished-at="2025-06-28T00:27:00Z" duration-ms="389" status="PASS">
          <reporter-output>
          </reporter-output>
        </test-method> <!-- tearDown -->
      </class> <!-- testCases.TC_001_AccountRegistrationPage -->
    </test> <!-- Linux-firefox -->
  </suite> <!-- Master Suite -->
</testng-results>
